<?xml version="1.0" encoding="UTF-8"?>
<!-- Generated by org.testng.reporters.JUnitReportReporter -->
<testsuite hostname="DESKTOP-NRTCSVA" failures="0" tests="1" name="com.github.rezzco.QATemplate.Navbar" time="3.812" errors="0" timestamp="2022-06-20T21:44:19 EDT" skipped="0">
  <testcase classname="com.github.rezzco.QATemplate.Navbar" name="navbarLoadingTest" time="3.812"/>
  <system-out/>
</testsuite> <!-- com.github.rezzco.QATemplate.Navbar -->
