<?xml version="1.0" encoding="UTF-8"?>
<!-- Generated by org.testng.reporters.JUnitReportReporter -->
<testsuite hostname="DESKTOP-NRTCSVA" failures="0" tests="5" name="com.github.rezzco.QATemplate.HomePage" time="19.738" errors="0" timestamp="2022-06-21T00:58:55 EDT" skipped="0">
  <testcase classname="com.github.rezzco.QATemplate.HomePage" name="basePageNavigation" time="3.366"/>
  <system-out/>
  <testcase classname="com.github.rezzco.QATemplate.HomePage" name="basePageNavigation" time="3.177"/>
  <system-out/>
  <testcase classname="com.github.rezzco.QATemplate.HomePage" name="basePageNavigation" time="5.889"/>
  <system-out/>
  <testcase classname="com.github.rezzco.QATemplate.HomePage" name="basePageNavigation" time="4.224"/>
  <system-out/>
  <testcase classname="com.github.rezzco.QATemplate.HomePage" name="basePageNavigation" time="3.082"/>
  <system-out/>
</testsuite> <!-- com.github.rezzco.QATemplate.HomePage -->
