<?xml version="1.0" encoding="UTF-8"?>
<!-- Generated by org.testng.reporters.JUnitReportReporter -->
<testsuite hostname="DESKTOP-NRTCSVA" failures="0" tests="5" name="com.github.rezzco.QATemplate.HomePage" time="18.015" errors="0" timestamp="2022-06-20T17:50:44 EDT" skipped="0">
  <testcase classname="com.github.rezzco.QATemplate.HomePage" name="basePageNavigation" time="3.063"/>
  <system-out/>
  <testcase classname="com.github.rezzco.QATemplate.HomePage" name="basePageNavigation" time="3.126"/>
  <system-out/>
  <testcase classname="com.github.rezzco.QATemplate.HomePage" name="basePageNavigation" time="3.285"/>
  <system-out/>
  <testcase classname="com.github.rezzco.QATemplate.HomePage" name="basePageNavigation" time="4.690"/>
  <system-out/>
  <testcase classname="com.github.rezzco.QATemplate.HomePage" name="basePageNavigation" time="3.851"/>
  <system-out/>
</testsuite> <!-- com.github.rezzco.QATemplate.HomePage -->
