<?xml version="1.0" encoding="UTF-8"?>
<!-- Generated by org.testng.reporters.JUnitReportReporter -->
<testsuite hostname="Rezz-PC" failures="0" tests="1" name="com.github.rezzco.QATemplate.HomePage" time="13.475" errors="0" timestamp="2022-06-16T18:42:14 EDT" skipped="0">
  <testcase classname="com.github.rezzco.QATemplate.HomePage" name="basePageNavigation" time="13.475"/>
  <system-out/>
</testsuite> <!-- com.github.rezzco.QATemplate.HomePage -->
