<?xml version="1.0" encoding="UTF-8"?>
<!-- Generated by org.testng.reporters.JUnitReportReporter -->
<testsuite hostname="DESKTOP-NRTCSVA" failures="0" tests="1" name="com.github.rezzco.QATemplate.Navbar" time="1.648" errors="0" timestamp="2022-06-24T02:07:25 EDT" skipped="0">
  <testcase classname="com.github.rezzco.QATemplate.Navbar" name="navbarLoadingTest" time="1.648"/>
  <system-out/>
</testsuite> <!-- com.github.rezzco.QATemplate.Navbar -->
