<?xml version="1.0" encoding="UTF-8"?>
<!-- Generated by org.testng.reporters.JUnitReportReporter -->
<testsuite hostname="DESKTOP-NRTCSVA" failures="0" tests="5" name="com.github.rezzco.QATemplate.HomePage" time="19.004" errors="0" timestamp="2022-06-20T01:36:04 EDT" skipped="0">
  <testcase classname="com.github.rezzco.QATemplate.HomePage" name="basePageNavigation" time="4.897"/>
  <system-out/>
  <testcase classname="com.github.rezzco.QATemplate.HomePage" name="basePageNavigation" time="3.113"/>
  <system-out/>
  <testcase classname="com.github.rezzco.QATemplate.HomePage" name="basePageNavigation" time="3.358"/>
  <system-out/>
  <testcase classname="com.github.rezzco.QATemplate.HomePage" name="basePageNavigation" time="4.300"/>
  <system-out/>
  <testcase classname="com.github.rezzco.QATemplate.HomePage" name="basePageNavigation" time="3.336"/>
  <system-out/>
</testsuite> <!-- com.github.rezzco.QATemplate.HomePage -->
