<?xml version="1.0" encoding="UTF-8"?>
<!-- Generated by org.testng.reporters.JUnitReportReporter -->
<testsuite hostname="DESKTOP-NRTCSVA" failures="0" tests="1" name="com.github.rezzco.QATemplate.Navbar" time="2.516" errors="0" timestamp="2022-06-20T17:50:44 EDT" skipped="0">
  <testcase classname="com.github.rezzco.QATemplate.Navbar" name="navbarLoadingTest" time="2.516"/>
  <system-out/>
</testsuite> <!-- com.github.rezzco.QATemplate.Navbar -->
