<?xml version="1.0" encoding="UTF-8"?>
<!-- Generated by org.testng.reporters.JUnitReportReporter -->
<testsuite hostname="DESKTOP-NRTCSVA" failures="0" tests="2" name="com.github.rezzco.QATemplate.HomePage" time="19.218" errors="0" timestamp="2022-06-18T21:01:06 EDT" skipped="0">
  <testcase classname="com.github.rezzco.QATemplate.HomePage" name="basePageNavigation" time="16.102"/>
  <system-out/>
  <testcase classname="com.github.rezzco.QATemplate.HomePage" name="basePageNavigation" time="3.116"/>
  <system-out/>
</testsuite> <!-- com.github.rezzco.QATemplate.HomePage -->
